gerenciador.c
testger.c
Microsoft (R) Incremental Linker Version 9.00.21022.08
Copyright (C) Microsoft Corporation.  All rights reserved.

/OUT:..\Produto\TesteGerenciador.exe 
/INCREMENTAL:NO 
/MACHINE:IX86 
vertice.obj gerenciador.obj grafo.obj lista.obj testger.obj 
ArcaboucoTeste.lib 
grafo.c
testgra.c
Microsoft (R) Incremental Linker Version 9.00.21022.08
Copyright (C) Microsoft Corporation.  All rights reserved.

/OUT:..\Produto\TesteGrafo.exe 
/INCREMENTAL:NO 
/MACHINE:IX86 
vertice.obj grafo.obj lista.obj testgra.obj 
ArcaboucoTeste.lib 
lista.c
testlis.c
Microsoft (R) Incremental Linker Version 9.00.21022.08
Copyright (C) Microsoft Corporation.  All rights reserved.

/OUT:..\Produto\TesteLista.exe 
/INCREMENTAL:NO 
/MACHINE:IX86 
lista.obj testlis.obj 
ArcaboucoTeste.lib 
movimentador.c
testmov.c
Microsoft (R) Incremental Linker Version 9.00.21022.08
Copyright (C) Microsoft Corporation.  All rights reserved.

/OUT:..\Produto\TesteMovimentador.exe 
/INCREMENTAL:NO 
/MACHINE:IX86 
gerenciador.obj movimentador.obj grafo.obj vertice.obj lista.obj 
testmov.obj 
ArcaboucoTeste.lib 
testpar.c
partida.c
Microsoft (R) Incremental Linker Version 9.00.21022.08
Copyright (C) Microsoft Corporation.  All rights reserved.

/OUT:..\Produto\TestePartida.exe 
/INCREMENTAL:NO 
/MACHINE:IX86 
gerenciador.obj movimentador.obj grafo.obj vertice.obj lista.obj 
testpar.obj partida.obj 
ArcaboucoTeste.lib 
vertice.c
testver.c
Microsoft (R) Incremental Linker Version 9.00.21022.08
Copyright (C) Microsoft Corporation.  All rights reserved.

/OUT:..\Produto\TesteVertice.exe 
/INCREMENTAL:NO 
/MACHINE:IX86 
vertice.obj lista.obj testver.obj 
ArcaboucoTeste.lib 
